[    2680ms] [VERBOSE] [DOM] Password field is not contained in a form: (More info: https://goo.gl/9p2vKq) %o @ http://localhost:8080/:0
[   19264ms] [ERROR] Failed to load resource: net::ERR_FAILED @ http://localhost:8080/assets/Click.mp3?v=1778733645763:0
[   19265ms] [ERROR] Failed to load resource: net::ERR_FAILED @ http://localhost:8080/assets/Click.mp3?v=1778733645761:0
[   19542ms] [ERROR] Failed to load resource: net::ERR_FAILED @ http://localhost:8080/assets/click.mp3?v=1778733648123:0
[   21631ms] [ERROR] Failed to load resource: net::ERR_FAILED @ http://localhost:8080/assets/click-dot.mp3?v=1778733648400:0
[   21633ms] [ERROR] Failed to load resource: net::ERR_FAILED @ http://localhost:8080/assets/Click.mp3?v=1778733645761:0
[   21633ms] [ERROR] Failed to load resource: net::ERR_FAILED @ http://localhost:8080/assets/click.mp3?v=1778733648124:0
[   21883ms] [ERROR] Failed to load resource: net::ERR_FAILED @ http://localhost:8080/assets/click_dot.mp3?v=1778733650489:0
[   23982ms] [ERROR] Failed to load resource: net::ERR_FAILED @ http://localhost:8080/assets/click%20dot.mp3?v=1778733650742:0
[   23998ms] [ERROR] Failed to load resource: net::ERR_FAILED @ http://localhost:8080/assets/Click.mp3?v=1778733645761:0
[   23999ms] [ERROR] Failed to load resource: net::ERR_FAILED @ http://localhost:8080/assets/click.mp3?v=1778733650492:0
[   23999ms] [ERROR] Failed to load resource: net::ERR_FAILED @ http://localhost:8080/assets/click-dot.mp3?v=1778733650492:0
[   24247ms] [ERROR] Failed to load resource: net::ERR_FAILED @ http://localhost:8080/assets/Click.mp3?v=1778733645761:0
[   26344ms] [ERROR] Failed to load resource: net::ERR_FAILED @ http://localhost:8080/assets/click.mp3?v=1778733652856:0
[   26345ms] [ERROR] Failed to load resource: net::ERR_FAILED @ http://localhost:8080/assets/click-dot.mp3?v=1778733652858:0
[   26345ms] [ERROR] Failed to load resource: net::ERR_FAILED @ http://localhost:8080/assets/click_dot.mp3?v=1778733652858:0
[   26345ms] [ERROR] Failed to load resource: net::ERR_FAILED @ http://localhost:8080/assets/click.mp3?v=1778733653105:0
[   26596ms] [ERROR] Failed to load resource: net::ERR_FAILED @ http://localhost:8080/assets/click-dot.mp3?v=1778733655202:0
[   28665ms] [ERROR] Failed to load resource: net::ERR_FAILED @ http://localhost:8080/assets/click_dot.mp3?v=1778733655204:0
[   28713ms] [ERROR] Failed to load resource: net::ERR_FAILED @ http://localhost:8080/assets/click%20dot.mp3?v=1778733655204:0
[   28715ms] [ERROR] Failed to load resource: net::ERR_FAILED @ http://localhost:8080/assets/click-dot.mp3?v=1778733655205:0
[   28716ms] [ERROR] Failed to load resource: net::ERR_FAILED @ http://localhost:8080/assets/click_dot.mp3?v=1778733655454:0
[   28969ms] [ERROR] Failed to load resource: net::ERR_FAILED @ http://localhost:8080/assets/click%20dot.mp3?v=1778733657524:0
[   30984ms] [ERROR] Failed to load resource: net::ERR_FAILED @ http://localhost:8080/assets/click_dot.mp3?v=1778733657573:0
[   31047ms] [ERROR] Failed to load resource: net::ERR_FAILED @ http://localhost:8080/assets/click%20dot.mp3?v=1778733657575:0
[   31048ms] [ERROR] Failed to load resource: net::ERR_FAILED @ http://localhost:8080/assets/click%20dot.mp3?v=1778733659843:0
[   42005ms] [ERROR] Failed to load resource: net::ERR_FAILED @ http://localhost:8080/assets/Click.mp3?v=1778733668523:0
[   42277ms] [ERROR] Failed to load resource: net::ERR_FAILED @ http://localhost:8080/assets/click.mp3?v=1778733670864:0
[   44346ms] [ERROR] Failed to load resource: net::ERR_FAILED @ http://localhost:8080/assets/click-dot.mp3?v=1778733671136:0
[   44629ms] [ERROR] Failed to load resource: net::ERR_FAILED @ http://localhost:8080/assets/click_dot.mp3?v=1778733673204:0
[   46694ms] [ERROR] Failed to load resource: net::ERR_FAILED @ http://localhost:8080/assets/click%20dot.mp3?v=1778733673487:0
