[   12769ms] [LOG] Settings title: Settings @ :6
[   12769ms] [LOG] Body: Podaci o poslovanju
✏ Uredi podatke
Planirani iznos:
30.000 €
Početak sezone:
14. 06. 2026.
Kraj sezone:
—
Naziv tvrtke:
Vetro Miani, obrt za proizvodnju i prodaju
Adresa:
Pakrani, Pakrani 74
OIB:
14638217565
Telefon:
0989668629
Email:
vetromiani@gmail.com
Sezona
Izvještaj sezone
Kategorije prodaje
Izbriši testne podatke @ :7
[ 2518103ms] [ERROR] Failed to load resource: net::ERR_NAME_NOT_RESOLVED @ https://drfyrustkimutpfmxzag.supabase.co/storage/v1/object/list/saves:0
[ 2518146ms] [ERROR] Failed to load resource: net::ERR_NAME_NOT_RESOLVED @ https://drfyrustkimutpfmxzag.supabase.co/storage/v1/object/list/saves:0
[11896596ms] [ERROR] Failed to load resource: net::ERR_CONNECTION_CLOSED @ https://drfyrustkimutpfmxzag.supabase.co/storage/v1/object/list/saves:0
[11896597ms] [ERROR] Failed to load resource: net::ERR_NAME_NOT_RESOLVED @ https://drfyrustkimutpfmxzag.supabase.co/storage/v1/object/list/saves:0
[11896695ms] [ERROR] Failed to load resource: net::ERR_NAME_NOT_RESOLVED @ https://drfyrustkimutpfmxzag.supabase.co/storage/v1/object/list/saves:0
[11897695ms] [ERROR] Failed to load resource: net::ERR_NAME_NOT_RESOLVED @ https://drfyrustkimutpfmxzag.supabase.co/storage/v1/object/list/saves:0
[11898694ms] [ERROR] Failed to load resource: net::ERR_NAME_NOT_RESOLVED @ https://drfyrustkimutpfmxzag.supabase.co/storage/v1/object/list/saves:0
[11899695ms] [ERROR] Failed to load resource: net::ERR_NAME_NOT_RESOLVED @ https://drfyrustkimutpfmxzag.supabase.co/storage/v1/object/list/saves:0
[11900694ms] [ERROR] Failed to load resource: net::ERR_NAME_NOT_RESOLVED @ https://drfyrustkimutpfmxzag.supabase.co/storage/v1/object/list/saves:0
[11903047ms] [ERROR] Failed to load resource: net::ERR_NAME_NOT_RESOLVED @ https://drfyrustkimutpfmxzag.supabase.co/storage/v1/object/list/saves:0
[11903047ms] [ERROR] Failed to load resource: net::ERR_NAME_NOT_RESOLVED @ https://drfyrustkimutpfmxzag.supabase.co/storage/v1/object/list/saves:0
[11903694ms] [ERROR] Failed to load resource: net::ERR_NAME_NOT_RESOLVED @ https://drfyrustkimutpfmxzag.supabase.co/storage/v1/object/list/saves:0
[11906573ms] [ERROR] Failed to load resource: net::ERR_NAME_NOT_RESOLVED @ https://drfyrustkimutpfmxzag.supabase.co/storage/v1/object/list/saves:0
[11906573ms] [ERROR] Failed to load resource: net::ERR_NAME_NOT_RESOLVED @ https://drfyrustkimutpfmxzag.supabase.co/storage/v1/object/list/saves:0
[11906694ms] [ERROR] Failed to load resource: net::ERR_NAME_NOT_RESOLVED @ https://drfyrustkimutpfmxzag.supabase.co/storage/v1/object/list/saves:0
[11907695ms] [ERROR] Failed to load resource: net::ERR_NAME_NOT_RESOLVED @ https://drfyrustkimutpfmxzag.supabase.co/storage/v1/object/list/saves:0
[11908694ms] [ERROR] Failed to load resource: net::ERR_NAME_NOT_RESOLVED @ https://drfyrustkimutpfmxzag.supabase.co/storage/v1/object/list/saves:0
[11909696ms] [ERROR] Failed to load resource: net::ERR_NAME_NOT_RESOLVED @ https://drfyrustkimutpfmxzag.supabase.co/storage/v1/object/list/saves:0
[11910695ms] [ERROR] Failed to load resource: net::ERR_NAME_NOT_RESOLVED @ https://drfyrustkimutpfmxzag.supabase.co/storage/v1/object/list/saves:0
[11911696ms] [ERROR] Failed to load resource: net::ERR_NAME_NOT_RESOLVED @ https://drfyrustkimutpfmxzag.supabase.co/storage/v1/object/list/saves:0
[11912695ms] [ERROR] Failed to load resource: net::ERR_NAME_NOT_RESOLVED @ https://drfyrustkimutpfmxzag.supabase.co/storage/v1/object/list/saves:0
[11913695ms] [ERROR] Failed to load resource: net::ERR_NAME_NOT_RESOLVED @ https://drfyrustkimutpfmxzag.supabase.co/storage/v1/object/list/saves:0
[11914695ms] [ERROR] Failed to load resource: net::ERR_NAME_NOT_RESOLVED @ https://drfyrustkimutpfmxzag.supabase.co/storage/v1/object/list/saves:0
[11915698ms] [ERROR] Failed to load resource: net::ERR_NAME_NOT_RESOLVED @ https://drfyrustkimutpfmxzag.supabase.co/storage/v1/object/list/saves:0
[11916695ms] [ERROR] Failed to load resource: net::ERR_NAME_NOT_RESOLVED @ https://drfyrustkimutpfmxzag.supabase.co/storage/v1/object/list/saves:0
[11917695ms] [ERROR] Failed to load resource: net::ERR_NAME_NOT_RESOLVED @ https://drfyrustkimutpfmxzag.supabase.co/storage/v1/object/list/saves:0
[11918695ms] [ERROR] Failed to load resource: net::ERR_NAME_NOT_RESOLVED @ https://drfyrustkimutpfmxzag.supabase.co/storage/v1/object/list/saves:0
[11919695ms] [ERROR] Failed to load resource: net::ERR_NAME_NOT_RESOLVED @ https://drfyrustkimutpfmxzag.supabase.co/storage/v1/object/list/saves:0
[11920694ms] [ERROR] Failed to load resource: net::ERR_NAME_NOT_RESOLVED @ https://drfyrustkimutpfmxzag.supabase.co/storage/v1/object/list/saves:0
[11921694ms] [ERROR] Failed to load resource: net::ERR_NAME_NOT_RESOLVED @ https://drfyrustkimutpfmxzag.supabase.co/storage/v1/object/list/saves:0
[11922694ms] [ERROR] Failed to load resource: net::ERR_NAME_NOT_RESOLVED @ https://drfyrustkimutpfmxzag.supabase.co/storage/v1/object/list/saves:0
[11923694ms] [ERROR] Failed to load resource: net::ERR_NAME_NOT_RESOLVED @ https://drfyrustkimutpfmxzag.supabase.co/storage/v1/object/list/saves:0
[11924693ms] [ERROR] Failed to load resource: net::ERR_NAME_NOT_RESOLVED @ https://drfyrustkimutpfmxzag.supabase.co/storage/v1/object/list/saves:0
[11925695ms] [ERROR] Failed to load resource: net::ERR_NAME_NOT_RESOLVED @ https://drfyrustkimutpfmxzag.supabase.co/storage/v1/object/list/saves:0
[11926695ms] [ERROR] Failed to load resource: net::ERR_NAME_NOT_RESOLVED @ https://drfyrustkimutpfmxzag.supabase.co/storage/v1/object/list/saves:0
[11927694ms] [ERROR] Failed to load resource: net::ERR_NAME_NOT_RESOLVED @ https://drfyrustkimutpfmxzag.supabase.co/storage/v1/object/list/saves:0
[11928694ms] [ERROR] Failed to load resource: net::ERR_NAME_NOT_RESOLVED @ https://drfyrustkimutpfmxzag.supabase.co/storage/v1/object/list/saves:0
[11929695ms] [ERROR] Failed to load resource: net::ERR_NAME_NOT_RESOLVED @ https://drfyrustkimutpfmxzag.supabase.co/storage/v1/object/list/saves:0
[11930695ms] [ERROR] Failed to load resource: net::ERR_NAME_NOT_RESOLVED @ https://drfyrustkimutpfmxzag.supabase.co/storage/v1/object/list/saves:0
[11931695ms] [ERROR] Failed to load resource: net::ERR_NAME_NOT_RESOLVED @ https://drfyrustkimutpfmxzag.supabase.co/storage/v1/object/list/saves:0
[11932696ms] [ERROR] Failed to load resource: net::ERR_NAME_NOT_RESOLVED @ https://drfyrustkimutpfmxzag.supabase.co/storage/v1/object/list/saves:0
[11933695ms] [ERROR] Failed to load resource: net::ERR_NAME_NOT_RESOLVED @ https://drfyrustkimutpfmxzag.supabase.co/storage/v1/object/list/saves:0
[11934695ms] [ERROR] Failed to load resource: net::ERR_NAME_NOT_RESOLVED @ https://drfyrustkimutpfmxzag.supabase.co/storage/v1/object/list/saves:0
[11935695ms] [ERROR] Failed to load resource: net::ERR_NAME_NOT_RESOLVED @ https://drfyrustkimutpfmxzag.supabase.co/storage/v1/object/list/saves:0
[11936696ms] [ERROR] Failed to load resource: net::ERR_NAME_NOT_RESOLVED @ https://drfyrustkimutpfmxzag.supabase.co/storage/v1/object/list/saves:0
[11937697ms] [ERROR] Failed to load resource: net::ERR_NAME_NOT_RESOLVED @ https://drfyrustkimutpfmxzag.supabase.co/storage/v1/object/list/saves:0
[11938694ms] [ERROR] Failed to load resource: net::ERR_NAME_NOT_RESOLVED @ https://drfyrustkimutpfmxzag.supabase.co/storage/v1/object/list/saves:0
[11939695ms] [ERROR] Failed to load resource: net::ERR_NAME_NOT_RESOLVED @ https://drfyrustkimutpfmxzag.supabase.co/storage/v1/object/list/saves:0
[11940695ms] [ERROR] Failed to load resource: net::ERR_NAME_NOT_RESOLVED @ https://drfyrustkimutpfmxzag.supabase.co/storage/v1/object/list/saves:0
[11941695ms] [ERROR] Failed to load resource: net::ERR_NAME_NOT_RESOLVED @ https://drfyrustkimutpfmxzag.supabase.co/storage/v1/object/list/saves:0
[11942694ms] [ERROR] Failed to load resource: net::ERR_NAME_NOT_RESOLVED @ https://drfyrustkimutpfmxzag.supabase.co/storage/v1/object/list/saves:0
[11943695ms] [ERROR] Failed to load resource: net::ERR_NAME_NOT_RESOLVED @ https://drfyrustkimutpfmxzag.supabase.co/storage/v1/object/list/saves:0
[11944694ms] [ERROR] Failed to load resource: net::ERR_NAME_NOT_RESOLVED @ https://drfyrustkimutpfmxzag.supabase.co/storage/v1/object/list/saves:0
[11945697ms] [ERROR] Failed to load resource: net::ERR_NAME_NOT_RESOLVED @ https://drfyrustkimutpfmxzag.supabase.co/storage/v1/object/list/saves:0
[11946695ms] [ERROR] Failed to load resource: net::ERR_NAME_NOT_RESOLVED @ https://drfyrustkimutpfmxzag.supabase.co/storage/v1/object/list/saves:0
[11947695ms] [ERROR] Failed to load resource: net::ERR_NAME_NOT_RESOLVED @ https://drfyrustkimutpfmxzag.supabase.co/storage/v1/object/list/saves:0
[11948694ms] [ERROR] Failed to load resource: net::ERR_NAME_NOT_RESOLVED @ https://drfyrustkimutpfmxzag.supabase.co/storage/v1/object/list/saves:0
[11949694ms] [ERROR] Failed to load resource: net::ERR_NAME_NOT_RESOLVED @ https://drfyrustkimutpfmxzag.supabase.co/storage/v1/object/list/saves:0
[11950694ms] [ERROR] Failed to load resource: net::ERR_NAME_NOT_RESOLVED @ https://drfyrustkimutpfmxzag.supabase.co/storage/v1/object/list/saves:0
[11951693ms] [ERROR] Failed to load resource: net::ERR_NAME_NOT_RESOLVED @ https://drfyrustkimutpfmxzag.supabase.co/storage/v1/object/list/saves:0
[11952699ms] [ERROR] Failed to load resource: net::ERR_NAME_NOT_RESOLVED @ https://drfyrustkimutpfmxzag.supabase.co/storage/v1/object/list/saves:0
[11953694ms] [ERROR] Failed to load resource: net::ERR_NAME_NOT_RESOLVED @ https://drfyrustkimutpfmxzag.supabase.co/storage/v1/object/list/saves:0
[11954696ms] [ERROR] Failed to load resource: net::ERR_NAME_NOT_RESOLVED @ https://drfyrustkimutpfmxzag.supabase.co/storage/v1/object/list/saves:0
[11955695ms] [ERROR] Failed to load resource: net::ERR_NAME_NOT_RESOLVED @ https://drfyrustkimutpfmxzag.supabase.co/storage/v1/object/list/saves:0
[11956695ms] [ERROR] Failed to load resource: net::ERR_NAME_NOT_RESOLVED @ https://drfyrustkimutpfmxzag.supabase.co/storage/v1/object/list/saves:0
[11957695ms] [ERROR] Failed to load resource: net::ERR_NAME_NOT_RESOLVED @ https://drfyrustkimutpfmxzag.supabase.co/storage/v1/object/list/saves:0
[11958696ms] [ERROR] Failed to load resource: net::ERR_NAME_NOT_RESOLVED @ https://drfyrustkimutpfmxzag.supabase.co/storage/v1/object/list/saves:0
[11959695ms] [ERROR] Failed to load resource: net::ERR_NAME_NOT_RESOLVED @ https://drfyrustkimutpfmxzag.supabase.co/storage/v1/object/list/saves:0
[11960695ms] [ERROR] Failed to load resource: net::ERR_NAME_NOT_RESOLVED @ https://drfyrustkimutpfmxzag.supabase.co/storage/v1/object/list/saves:0
[11961695ms] [ERROR] Failed to load resource: net::ERR_NAME_NOT_RESOLVED @ https://drfyrustkimutpfmxzag.supabase.co/storage/v1/object/list/saves:0
[11962694ms] [ERROR] Failed to load resource: net::ERR_NAME_NOT_RESOLVED @ https://drfyrustkimutpfmxzag.supabase.co/storage/v1/object/list/saves:0
[11963694ms] [ERROR] Failed to load resource: net::ERR_NAME_NOT_RESOLVED @ https://drfyrustkimutpfmxzag.supabase.co/storage/v1/object/list/saves:0
[11964694ms] [ERROR] Failed to load resource: net::ERR_NAME_NOT_RESOLVED @ https://drfyrustkimutpfmxzag.supabase.co/storage/v1/object/list/saves:0
